<?xml version="1.0" encoding="UTF-8"?>
<testng-results ignored="0" total="15" passed="15" failed="0" skipped="0">
  <reporter-output>
  </reporter-output>
  <suite started-at="2021-12-02T04:50:30Z" name="Default suite" finished-at="2021-12-02T04:51:20Z" duration-ms="49388">
    <groups>
    </groups>
    <test started-at="2021-12-02T04:50:30Z" name="Default test" finished-at="2021-12-02T04:51:20Z" duration-ms="49388">
      <class name="com.Ecommerce.Option2.CheckOutFunctionality">
        <test-method signature="openAppilication()[pri:1, instance:com.Ecommerce.Option2.CheckOutFunctionality@3bcbb589]" started-at="2021-12-02T04:50:30Z" name="openAppilication" description="Launch Appilication" finished-at="2021-12-02T04:50:34Z" duration-ms="4078" status="PASS">
          <reporter-output>
          </reporter-output>
        </test-method> <!-- openAppilication -->
        <test-method signature="EnterUsername()[pri:2, instance:com.Ecommerce.Option2.CheckOutFunctionality@3bcbb589]" started-at="2021-12-02T04:50:34Z" name="EnterUsername" description="Enter UserName" finished-at="2021-12-02T04:50:35Z" duration-ms="108" status="PASS">
          <reporter-output>
          </reporter-output>
        </test-method> <!-- EnterUsername -->
        <test-method signature="EnterPassword()[pri:3, instance:com.Ecommerce.Option2.CheckOutFunctionality@3bcbb589]" started-at="2021-12-02T04:50:35Z" name="EnterPassword" description="Enter Password" finished-at="2021-12-02T04:50:40Z" duration-ms="5096" status="PASS">
          <reporter-output>
          </reporter-output>
        </test-method> <!-- EnterPassword -->
        <test-method signature="clickLogin()[pri:4, instance:com.Ecommerce.Option2.CheckOutFunctionality@3bcbb589]" started-at="2021-12-02T04:50:40Z" name="clickLogin" description="Click Login" finished-at="2021-12-02T04:50:45Z" duration-ms="5131" status="PASS">
          <reporter-output>
          </reporter-output>
        </test-method> <!-- clickLogin -->
        <test-method signature="AddTshirttoCart()[pri:5, instance:com.Ecommerce.Option2.CheckOutFunctionality@3bcbb589]" started-at="2021-12-02T04:50:45Z" name="AddTshirttoCart" description="Add Tshirt" finished-at="2021-12-02T04:50:52Z" duration-ms="7090" status="PASS">
          <reporter-output>
          </reporter-output>
        </test-method> <!-- AddTshirttoCart -->
        <test-method signature="AddBackpacktoCart()[pri:6, instance:com.Ecommerce.Option2.CheckOutFunctionality@3bcbb589]" started-at="2021-12-02T04:50:52Z" name="AddBackpacktoCart" description="Add BackPack" finished-at="2021-12-02T04:50:57Z" duration-ms="5082" status="PASS">
          <reporter-output>
          </reporter-output>
        </test-method> <!-- AddBackpacktoCart -->
        <test-method signature="GotoCart()[pri:7, instance:com.Ecommerce.Option2.CheckOutFunctionality@3bcbb589]" started-at="2021-12-02T04:50:57Z" name="GotoCart" description="Go to Cart" finished-at="2021-12-02T04:51:04Z" duration-ms="7098" status="PASS">
          <reporter-output>
          </reporter-output>
        </test-method> <!-- GotoCart -->
        <test-method signature="CartItemsVerification()[pri:8, instance:com.Ecommerce.Option2.CheckOutFunctionality@3bcbb589]" started-at="2021-12-02T04:51:04Z" name="CartItemsVerification" description="Cart Items Verification" finished-at="2021-12-02T04:51:04Z" duration-ms="20" status="PASS">
          <reporter-output>
          </reporter-output>
        </test-method> <!-- CartItemsVerification -->
        <test-method signature="checkOut()[pri:9, instance:com.Ecommerce.Option2.CheckOutFunctionality@3bcbb589]" started-at="2021-12-02T04:51:04Z" name="checkOut" description="Click CheckOut" finished-at="2021-12-02T04:51:06Z" duration-ms="2060" status="PASS">
          <reporter-output>
          </reporter-output>
        </test-method> <!-- checkOut -->
        <test-method signature="EnterCustomerDetails()[pri:10, instance:com.Ecommerce.Option2.CheckOutFunctionality@3bcbb589]" started-at="2021-12-02T04:51:06Z" name="EnterCustomerDetails" description="Enter Customer Details" finished-at="2021-12-02T04:51:10Z" duration-ms="4242" status="PASS">
          <reporter-output>
          </reporter-output>
        </test-method> <!-- EnterCustomerDetails -->
        <test-method signature="ClickContinue()[pri:11, instance:com.Ecommerce.Option2.CheckOutFunctionality@3bcbb589]" started-at="2021-12-02T04:51:10Z" name="ClickContinue" description="Click Continue Button" finished-at="2021-12-02T04:51:15Z" duration-ms="5088" status="PASS">
          <reporter-output>
          </reporter-output>
        </test-method> <!-- ClickContinue -->
        <test-method signature="ItemTotal()[pri:12, instance:com.Ecommerce.Option2.CheckOutFunctionality@3bcbb589]" started-at="2021-12-02T04:51:15Z" name="ItemTotal" description="Verify Item Total" finished-at="2021-12-02T04:51:15Z" duration-ms="29" status="PASS">
          <reporter-output>
          </reporter-output>
        </test-method> <!-- ItemTotal -->
        <test-method signature="FinishOrder()[pri:13, instance:com.Ecommerce.Option2.CheckOutFunctionality@3bcbb589]" started-at="2021-12-02T04:51:15Z" name="FinishOrder" description="Finish the Order" finished-at="2021-12-02T04:51:18Z" duration-ms="2061" status="PASS">
          <reporter-output>
          </reporter-output>
        </test-method> <!-- FinishOrder -->
        <test-method signature="orderConfirmation()[pri:14, instance:com.Ecommerce.Option2.CheckOutFunctionality@3bcbb589]" started-at="2021-12-02T04:51:18Z" name="orderConfirmation" description="Order Confirmation" finished-at="2021-12-02T04:51:20Z" duration-ms="2030" status="PASS">
          <reporter-output>
          </reporter-output>
        </test-method> <!-- orderConfirmation -->
        <test-method signature="QuitBrowser()[pri:15, instance:com.Ecommerce.Option2.CheckOutFunctionality@3bcbb589]" started-at="2021-12-02T04:51:20Z" name="QuitBrowser" description="Closing The Browser" finished-at="2021-12-02T04:51:20Z" duration-ms="138" status="PASS">
          <reporter-output>
          </reporter-output>
        </test-method> <!-- QuitBrowser -->
      </class> <!-- com.Ecommerce.Option2.CheckOutFunctionality -->
    </test> <!-- Default test -->
  </suite> <!-- Default suite -->
</testng-results>
