<?xml version="1.0" encoding="UTF-8"?>
<!-- Generated by org.testng.reporters.JUnitXMLReporter -->
<testsuite ignored="0" hostname="DESKTOP-OJHRA2O" failures="0" tests="15" name="Default test" time="49.388" errors="0" timestamp="02 Dec 2021 04:51:20 GMT">
  <testcase classname="com.Ecommerce.Option2.CheckOutFunctionality" name="openAppilication" time="4.078"/>
  <testcase classname="com.Ecommerce.Option2.CheckOutFunctionality" name="EnterUsername" time="0.108"/>
  <testcase classname="com.Ecommerce.Option2.CheckOutFunctionality" name="EnterPassword" time="5.096"/>
  <testcase classname="com.Ecommerce.Option2.CheckOutFunctionality" name="clickLogin" time="5.131"/>
  <testcase classname="com.Ecommerce.Option2.CheckOutFunctionality" name="AddTshirttoCart" time="7.09"/>
  <testcase classname="com.Ecommerce.Option2.CheckOutFunctionality" name="AddBackpacktoCart" time="5.082"/>
  <testcase classname="com.Ecommerce.Option2.CheckOutFunctionality" name="GotoCart" time="7.098"/>
  <testcase classname="com.Ecommerce.Option2.CheckOutFunctionality" name="CartItemsVerification" time="0.02"/>
  <testcase classname="com.Ecommerce.Option2.CheckOutFunctionality" name="checkOut" time="2.06"/>
  <testcase classname="com.Ecommerce.Option2.CheckOutFunctionality" name="EnterCustomerDetails" time="4.242"/>
  <testcase classname="com.Ecommerce.Option2.CheckOutFunctionality" name="ClickContinue" time="5.088"/>
  <testcase classname="com.Ecommerce.Option2.CheckOutFunctionality" name="ItemTotal" time="0.029"/>
  <testcase classname="com.Ecommerce.Option2.CheckOutFunctionality" name="FinishOrder" time="2.061"/>
  <testcase classname="com.Ecommerce.Option2.CheckOutFunctionality" name="orderConfirmation" time="2.03"/>
  <testcase classname="com.Ecommerce.Option2.CheckOutFunctionality" name="QuitBrowser" time="0.138"/>
</testsuite> <!-- Default test -->
